Traceback (most recent call last):
  File "/mnt/d/University/Tias/Semester_1/ADS/HW1/ADS_HW1/bama_samand_scraper.py", line 256, in <module>
    main()
  File "/mnt/d/University/Tias/Semester_1/ADS/HW1/ADS_HW1/bama_samand_scraper.py", line 251, in main
    listings = scrape_listings(limit=args.limit, max_pages=args.max_pages, cookie=args.cookie)
               ^^^^^^^^^^^^^^^^^^^^^^^^^^^^^^^^^^^^^^^^^^^^^^^^^^^^^^^^^^^^^^^^^^^^^^^^^^^^^^^
  File "/mnt/d/University/Tias/Semester_1/ADS/HW1/ADS_HW1/bama_samand_scraper.py", line 188, in scrape_listings
    page_listings = scrape_page(session, page)
                    ^^^^^^^^^^^^^^^^^^^^^^^^^^
  File "/mnt/d/University/Tias/Semester_1/ADS/HW1/ADS_HW1/bama_samand_scraper.py", line 160, in scrape_page
    resp = session.get(BASE_URL, params=params, timeout=20)
           ^^^^^^^^^^^^^^^^^^^^^^^^^^^^^^^^^^^^^^^^^^^^^^^^
  File "/mnt/d/University/Tias/Semester_1/ADS/HW1/ADS_HW1/.venv/lib/python3.12/site-packages/requests/sessions.py", line 602, in get
    return self.request("GET", url, **kwargs)
           ^^^^^^^^^^^^^^^^^^^^^^^^^^^^^^^^^^
  File "/mnt/d/University/Tias/Semester_1/ADS/HW1/ADS_HW1/.venv/lib/python3.12/site-packages/requests/sessions.py", line 589, in request
    resp = self.send(prep, **send_kwargs)
           ^^^^^^^^^^^^^^^^^^^^^^^^^^^^^^
  File "/mnt/d/University/Tias/Semester_1/ADS/HW1/ADS_HW1/.venv/lib/python3.12/site-packages/requests/sessions.py", line 703, in send
    r = adapter.send(request, **kwargs)
        ^^^^^^^^^^^^^^^^^^^^^^^^^^^^^^^
  File "/mnt/d/University/Tias/Semester_1/ADS/HW1/ADS_HW1/.venv/lib/python3.12/site-packages/requests/adapters.py", line 644, in send
    resp = conn.urlopen(
           ^^^^^^^^^^^^^
  File "/mnt/d/University/Tias/Semester_1/ADS/HW1/ADS_HW1/.venv/lib/python3.12/site-packages/urllib3/connectionpool.py", line 787, in urlopen
    response = self._make_request(
               ^^^^^^^^^^^^^^^^^^^
  File "/mnt/d/University/Tias/Semester_1/ADS/HW1/ADS_HW1/.venv/lib/python3.12/site-packages/urllib3/connectionpool.py", line 534, in _make_request
    response = conn.getresponse()
               ^^^^^^^^^^^^^^^^^^
  File "/mnt/d/University/Tias/Semester_1/ADS/HW1/ADS_HW1/.venv/lib/python3.12/site-packages/urllib3/connection.py", line 565, in getresponse
    httplib_response = super().getresponse()
                       ^^^^^^^^^^^^^^^^^^^^^
  File "/usr/lib/python3.12/http/client.py", line 1428, in getresponse
    response.begin()
  File "/usr/lib/python3.12/http/client.py", line 331, in begin
    version, status, reason = self._read_status()
                              ^^^^^^^^^^^^^^^^^^^
  File "/usr/lib/python3.12/http/client.py", line 292, in _read_status
    line = str(self.fp.readline(_MAXLINE + 1), "iso-8859-1")
               ^^^^^^^^^^^^^^^^^^^^^^^^^^^^^^
  File "/usr/lib/python3.12/socket.py", line 707, in readinto
    return self._sock.recv_into(b)
           ^^^^^^^^^^^^^^^^^^^^^^^
  File "/usr/lib/python3.12/ssl.py", line 1252, in recv_into
    return self.read(nbytes, buffer)
           ^^^^^^^^^^^^^^^^^^^^^^^^^
  File "/usr/lib/python3.12/ssl.py", line 1104, in read
    return self._sslobj.read(len, buffer)
           ^^^^^^^^^^^^^^^^^^^^^^^^^^^^^^
KeyboardInterrupt
